<?xml version="1.0" encoding="UTF-8"?>
<!-- Generated by org.testng.reporters.JUnitReportReporter -->
<testsuite hostname="DESKTOP-MJ4G90G" failures="0" tests="2" name="BroooklynCollege.Mavenjava.AppiumTest" time="0.002" errors="0" timestamp="2020-06-09T17:34:40 EDT" skipped="0">
  <testcase classname="BroooklynCollege.Mavenjava.AppiumTest" name="IOSApp" time="0.001"/>
  <system-out/>
  <testcase classname="BroooklynCollege.Mavenjava.AppiumTest" name="NativeAppAndroid" time="0.001"/>
  <system-out/>
</testsuite> <!-- BroooklynCollege.Mavenjava.AppiumTest -->
