<?xml version="1.0" encoding="UTF-8"?>
<!-- Generated by org.testng.reporters.JUnitReportReporter -->
<testsuite hostname="DESKTOP-MJ4G90G" failures="0" tests="2" name="BroooklynCollege.Mavenjava.SeleniumTest" time="0.001" errors="0" timestamp="2020-06-09T17:34:49 EDT" skipped="0">
  <testcase classname="BroooklynCollege.Mavenjava.SeleniumTest" name="BrowserAutomation1" time="0.001"/>
  <system-out/>
  <testcase classname="BroooklynCollege.Mavenjava.SeleniumTest" name="elementsUI" time="0.000"/>
  <system-out/>
</testsuite> <!-- BroooklynCollege.Mavenjava.SeleniumTest -->
