<?xml version="1.0" encoding="UTF-8"?>
<!-- Generated by org.testng.reporters.JUnitReportReporter -->
<testsuite hostname="DESKTOP-MJ4G90G" failures="0" tests="2" name="BroooklynCollege.Mavenjava.RestAPITest" time="0.005" errors="0" timestamp="2020-06-09T17:34:49 EDT" skipped="0">
  <testcase classname="BroooklynCollege.Mavenjava.RestAPITest" name="NativePostirra" time="0.004"/>
  <system-out/>
  <testcase classname="BroooklynCollege.Mavenjava.RestAPITest" name="deleteTwitter" time="0.001"/>
  <system-out/>
</testsuite> <!-- BroooklynCollege.Mavenjava.RestAPITest -->
