<?xml version="1.0" encoding="UTF-8"?>
<!-- Generated by org.testng.reporters.JUnitReportReporter -->
<testsuite ignored="0" hostname="DESKTOP-MJ4G90G" failures="0" tests="2" name="BroooklynCollege.Mavenjava.RestAPITest" time="0.001" errors="0" timestamp="10 Jun 2020 19:58:03 GMT" skipped="0">
  <testcase classname="BroooklynCollege.Mavenjava.RestAPITest" name="NativePostirra" time="0.001"/>
  <testcase classname="BroooklynCollege.Mavenjava.RestAPITest" name="deleteTwitter" time="0.000"/>
</testsuite> <!-- BroooklynCollege.Mavenjava.RestAPITest -->
