<?xml version="1.0" encoding="UTF-8"?>
<!-- Generated by org.testng.reporters.JUnitReportReporter -->
<testsuite ignored="0" hostname="DESKTOP-MJ4G90G" failures="0" tests="2" name="BroooklynCollege.Mavenjava.SeleniumTest" time="0.000" errors="0" timestamp="10 Jun 2020 19:58:03 GMT" skipped="0">
  <testcase classname="BroooklynCollege.Mavenjava.SeleniumTest" name="elementsUI" time="0.000"/>
  <testcase classname="BroooklynCollege.Mavenjava.SeleniumTest" name="BrowserAutomation1" time="0.000"/>
</testsuite> <!-- BroooklynCollege.Mavenjava.SeleniumTest -->
