<?xml version="1.0" encoding="UTF-8"?>
<!-- Generated by org.testng.reporters.JUnitReportReporter -->
<testsuite ignored="0" hostname="DESKTOP-MJ4G90G" failures="0" tests="2" name="BroooklynCollege.Mavenjava.AppiumTest" time="0.003" errors="0" timestamp="10 Jun 2020 19:58:03 GMT" skipped="0">
  <testcase classname="BroooklynCollege.Mavenjava.AppiumTest" name="NativeAppAndroid" time="0.000"/>
  <testcase classname="BroooklynCollege.Mavenjava.AppiumTest" name="IOSApp" time="0.003"/>
</testsuite> <!-- BroooklynCollege.Mavenjava.AppiumTest -->
